2022-06-21 13:31:12,948 - INFO - allennlp.common.params - evaluate_on_test = True
2022-06-21 13:31:12,949 - INFO - allennlp.common.params - test_evaluators = [[['AMR-2017', {'formalism': 'AMR-2017', 'gold_file': '../non-graph-formalisms-parsing/amr_labels_full/gold_test.txt', 'predictor': {'data_iterator': {'batch_size': 32, 'formalisms': ['AMR-2017'], 'type': 'same_formalism'}, 'dataset_reader': {'token_indexers': {'bert': {'pretrained_model': 'bert-large-uncased', 'type': 'bert-pretrained'}}, 'type': 'amconll_unannotated'}, 'evaluation_command': {'command': 'java -cp am-tools.jar de.saar.coli.amtools.evaluation.EvaluateAMConll --corpus {system_output} -o {tmp}/ -et AMRFromNodeLabelsEvaluationToolset && python2 external_eval_tools//smatch/smatch.py -f {tmp}/parserOut.txt {gold_file} --pr --significant 4 > {tmp}/metrics.txt && cat {tmp}/metrics.txt', 'result_regexes': {'F': [2, 'F-score: (?P<value>.+)'], 'P': [0, 'Precision: (?P<value>.+)'], 'R': [1, 'Recall: (?P<value>.+)']}, 'type': 'bash_evaluation_command'}, 'give_up': 15, 'k': 6, 'threads': 1, 'type': 'amconll_predictor'}, 'system_input': '../non-graph-formalisms-parsing/amr_labels_full/test.amconll', 'type': 'standard_evaluator'}]]]
2022-06-21 13:31:12,949 - INFO - allennlp.common.from_params - instantiating class <class 'graph_dependency_parser.components.evaluation.predictors.Evaluator'> from params {'formalism': 'AMR-2017', 'gold_file': '../non-graph-formalisms-parsing/amr_labels_full/gold_test.txt', 'predictor': {'data_iterator': {'batch_size': 32, 'formalisms': ['AMR-2017'], 'type': 'same_formalism'}, 'dataset_reader': {'token_indexers': {'bert': {'pretrained_model': 'bert-large-uncased', 'type': 'bert-pretrained'}}, 'type': 'amconll_unannotated'}, 'evaluation_command': {'command': 'java -cp am-tools.jar de.saar.coli.amtools.evaluation.EvaluateAMConll --corpus {system_output} -o {tmp}/ -et AMRFromNodeLabelsEvaluationToolset && python2 external_eval_tools//smatch/smatch.py -f {tmp}/parserOut.txt {gold_file} --pr --significant 4 > {tmp}/metrics.txt && cat {tmp}/metrics.txt', 'result_regexes': {'F': [2, 'F-score: (?P<value>.+)'], 'P': [0, 'Precision: (?P<value>.+)'], 'R': [1, 'Recall: (?P<value>.+)']}, 'type': 'bash_evaluation_command'}, 'give_up': 15, 'k': 6, 'threads': 1, 'type': 'amconll_predictor'}, 'system_input': '../non-graph-formalisms-parsing/amr_labels_full/test.amconll', 'type': 'standard_evaluator'} and extras set()
2022-06-21 13:31:12,949 - INFO - allennlp.common.params - test_evaluators.0.0.1.type = standard_evaluator
2022-06-21 13:31:12,949 - INFO - allennlp.common.from_params - instantiating class <class 'graph_dependency_parser.components.evaluation.predictors.StandardEvaluator'> from params {'formalism': 'AMR-2017', 'gold_file': '../non-graph-formalisms-parsing/amr_labels_full/gold_test.txt', 'predictor': {'data_iterator': {'batch_size': 32, 'formalisms': ['AMR-2017'], 'type': 'same_formalism'}, 'dataset_reader': {'token_indexers': {'bert': {'pretrained_model': 'bert-large-uncased', 'type': 'bert-pretrained'}}, 'type': 'amconll_unannotated'}, 'evaluation_command': {'command': 'java -cp am-tools.jar de.saar.coli.amtools.evaluation.EvaluateAMConll --corpus {system_output} -o {tmp}/ -et AMRFromNodeLabelsEvaluationToolset && python2 external_eval_tools//smatch/smatch.py -f {tmp}/parserOut.txt {gold_file} --pr --significant 4 > {tmp}/metrics.txt && cat {tmp}/metrics.txt', 'result_regexes': {'F': [2, 'F-score: (?P<value>.+)'], 'P': [0, 'Precision: (?P<value>.+)'], 'R': [1, 'Recall: (?P<value>.+)']}, 'type': 'bash_evaluation_command'}, 'give_up': 15, 'k': 6, 'threads': 1, 'type': 'amconll_predictor'}, 'system_input': '../non-graph-formalisms-parsing/amr_labels_full/test.amconll'} and extras set()
2022-06-21 13:31:12,949 - INFO - allennlp.common.params - test_evaluators.0.0.1.formalism = AMR-2017
2022-06-21 13:31:12,949 - INFO - allennlp.common.params - test_evaluators.0.0.1.system_input = ../non-graph-formalisms-parsing/amr_labels_full/test.amconll
2022-06-21 13:31:12,949 - INFO - allennlp.common.params - test_evaluators.0.0.1.gold_file = ../non-graph-formalisms-parsing/amr_labels_full/gold_test.txt
2022-06-21 13:31:12,950 - INFO - allennlp.common.from_params - instantiating class <class 'graph_dependency_parser.components.evaluation.predictors.Predictor'> from params {'data_iterator': {'batch_size': 32, 'formalisms': ['AMR-2017'], 'type': 'same_formalism'}, 'dataset_reader': {'token_indexers': {'bert': {'pretrained_model': 'bert-large-uncased', 'type': 'bert-pretrained'}}, 'type': 'amconll_unannotated'}, 'evaluation_command': {'command': 'java -cp am-tools.jar de.saar.coli.amtools.evaluation.EvaluateAMConll --corpus {system_output} -o {tmp}/ -et AMRFromNodeLabelsEvaluationToolset && python2 external_eval_tools//smatch/smatch.py -f {tmp}/parserOut.txt {gold_file} --pr --significant 4 > {tmp}/metrics.txt && cat {tmp}/metrics.txt', 'result_regexes': {'F': [2, 'F-score: (?P<value>.+)'], 'P': [0, 'Precision: (?P<value>.+)'], 'R': [1, 'Recall: (?P<value>.+)']}, 'type': 'bash_evaluation_command'}, 'give_up': 15, 'k': 6, 'threads': 1, 'type': 'amconll_predictor'} and extras set()
2022-06-21 13:31:12,950 - INFO - allennlp.common.params - test_evaluators.0.0.1.predictor.type = amconll_predictor
2022-06-21 13:31:12,950 - INFO - allennlp.common.from_params - instantiating class <class 'graph_dependency_parser.components.evaluation.predictors.AMconllPredictor'> from params {'data_iterator': {'batch_size': 32, 'formalisms': ['AMR-2017'], 'type': 'same_formalism'}, 'dataset_reader': {'token_indexers': {'bert': {'pretrained_model': 'bert-large-uncased', 'type': 'bert-pretrained'}}, 'type': 'amconll_unannotated'}, 'evaluation_command': {'command': 'java -cp am-tools.jar de.saar.coli.amtools.evaluation.EvaluateAMConll --corpus {system_output} -o {tmp}/ -et AMRFromNodeLabelsEvaluationToolset && python2 external_eval_tools//smatch/smatch.py -f {tmp}/parserOut.txt {gold_file} --pr --significant 4 > {tmp}/metrics.txt && cat {tmp}/metrics.txt', 'result_regexes': {'F': [2, 'F-score: (?P<value>.+)'], 'P': [0, 'Precision: (?P<value>.+)'], 'R': [1, 'Recall: (?P<value>.+)']}, 'type': 'bash_evaluation_command'}, 'give_up': 15, 'k': 6, 'threads': 1} and extras set()
2022-06-21 13:31:12,950 - INFO - allennlp.common.from_params - instantiating class <class 'allennlp.data.dataset_readers.dataset_reader.DatasetReader'> from params {'token_indexers': {'bert': {'pretrained_model': 'bert-large-uncased', 'type': 'bert-pretrained'}}, 'type': 'amconll_unannotated'} and extras set()
2022-06-21 13:31:12,950 - INFO - allennlp.common.params - test_evaluators.0.0.1.predictor.dataset_reader.type = amconll_unannotated
2022-06-21 13:31:12,950 - INFO - allennlp.common.from_params - instantiating class <class 'graph_dependency_parser.components.dataset_readers.amconll.AMConllUnannotatedDatasetReader'> from params {'token_indexers': {'bert': {'pretrained_model': 'bert-large-uncased', 'type': 'bert-pretrained'}}} and extras set()
2022-06-21 13:31:12,950 - INFO - allennlp.common.from_params - instantiating class <class 'allennlp.data.token_indexers.token_indexer.TokenIndexer'> from params {'pretrained_model': 'bert-large-uncased', 'type': 'bert-pretrained'} and extras set()
2022-06-21 13:31:12,950 - INFO - allennlp.common.params - test_evaluators.0.0.1.predictor.dataset_reader.token_indexers.bert.type = bert-pretrained
2022-06-21 13:31:12,951 - INFO - allennlp.common.from_params - instantiating class <class 'allennlp.data.token_indexers.wordpiece_indexer.PretrainedBertIndexer'> from params {'pretrained_model': 'bert-large-uncased'} and extras set()
2022-06-21 13:31:12,951 - INFO - allennlp.common.params - test_evaluators.0.0.1.predictor.dataset_reader.token_indexers.bert.pretrained_model = bert-large-uncased
2022-06-21 13:31:12,951 - INFO - allennlp.common.params - test_evaluators.0.0.1.predictor.dataset_reader.token_indexers.bert.use_starting_offsets = False
2022-06-21 13:31:12,951 - INFO - allennlp.common.params - test_evaluators.0.0.1.predictor.dataset_reader.token_indexers.bert.do_lowercase = True
2022-06-21 13:31:12,951 - INFO - allennlp.common.params - test_evaluators.0.0.1.predictor.dataset_reader.token_indexers.bert.never_lowercase = None
2022-06-21 13:31:12,951 - INFO - allennlp.common.params - test_evaluators.0.0.1.predictor.dataset_reader.token_indexers.bert.max_pieces = 512
2022-06-21 13:31:12,951 - INFO - allennlp.common.params - test_evaluators.0.0.1.predictor.dataset_reader.token_indexers.bert.truncate_long_sequences = True
2022-06-21 13:31:13,444 - INFO - pytorch_pretrained_bert.tokenization - loading vocabulary file https://s3.amazonaws.com/models.huggingface.co/bert/bert-large-uncased-vocab.txt from cache at /home/tprakap/.pytorch_pretrained_bert/9b3c03a36e83b13d5ba95ac965c9f9074a99e14340c523ab405703179e79fc46.542ce4285a40d23a559526243235df47c5f75c197f04f37d1a0c124c32c9a084
2022-06-21 13:31:13,476 - INFO - allennlp.common.params - test_evaluators.0.0.1.predictor.dataset_reader.lazy = False
2022-06-21 13:31:13,477 - INFO - allennlp.common.params - test_evaluators.0.0.1.predictor.dataset_reader.fraction = 1.0
2022-06-21 13:31:13,477 - INFO - allennlp.common.params - test_evaluators.0.0.1.predictor.dataset_reader.only_read_fraction_if_train_in_filename = False
2022-06-21 13:31:13,477 - INFO - allennlp.common.params - test_evaluators.0.0.1.predictor.dataset_reader.allow_copy_despite_sense = False
2022-06-21 13:31:13,477 - INFO - allennlp.common.params - test_evaluators.0.0.1.predictor.k = 6
2022-06-21 13:31:13,477 - INFO - allennlp.common.params - test_evaluators.0.0.1.predictor.give_up = 15
2022-06-21 13:31:13,477 - INFO - allennlp.common.params - test_evaluators.0.0.1.predictor.threads = 1
2022-06-21 13:31:13,477 - INFO - allennlp.common.from_params - instantiating class <class 'allennlp.data.iterators.data_iterator.DataIterator'> from params {'batch_size': 32, 'formalisms': ['AMR-2017'], 'type': 'same_formalism'} and extras set()
2022-06-21 13:31:13,477 - INFO - allennlp.common.params - test_evaluators.0.0.1.predictor.data_iterator.type = same_formalism
2022-06-21 13:31:13,477 - INFO - allennlp.common.from_params - instantiating class <class 'graph_dependency_parser.components.dataset_readers.same_formalism_iterator.SameFormalismIterator'> from params {'batch_size': 32, 'formalisms': ['AMR-2017']} and extras set()
2022-06-21 13:31:13,477 - INFO - allennlp.common.params - test_evaluators.0.0.1.predictor.data_iterator.formalisms = ['AMR-2017']
2022-06-21 13:31:13,478 - INFO - allennlp.common.params - test_evaluators.0.0.1.predictor.data_iterator.batch_size = 32
2022-06-21 13:31:13,478 - INFO - allennlp.common.params - test_evaluators.0.0.1.predictor.data_iterator.batch_sizes = None
2022-06-21 13:31:13,478 - INFO - allennlp.common.params - test_evaluators.0.0.1.predictor.data_iterator.cache_instances = False
2022-06-21 13:31:13,478 - INFO - allennlp.common.params - test_evaluators.0.0.1.predictor.data_iterator.track_epoch = False
2022-06-21 13:31:13,478 - INFO - allennlp.common.params - test_evaluators.0.0.1.predictor.data_iterator.padding_noise = 0.1
2022-06-21 13:31:13,478 - INFO - allennlp.common.params - test_evaluators.0.0.1.predictor.data_iterator.instances_per_epoch = None
2022-06-21 13:31:13,478 - INFO - allennlp.common.params - test_evaluators.0.0.1.predictor.data_iterator.max_instances_in_memory = None
2022-06-21 13:31:13,478 - INFO - allennlp.common.params - test_evaluators.0.0.1.predictor.data_iterator.maximum_samples_per_batch = None
2022-06-21 13:31:13,478 - INFO - allennlp.common.params - test_evaluators.0.0.1.predictor.data_iterator.biggest_batch_first = False
2022-06-21 13:31:13,478 - INFO - allennlp.common.from_params - instantiating class <class 'graph_dependency_parser.components.evaluation.commands.BaseEvaluationCommand'> from params {'command': 'java -cp am-tools.jar de.saar.coli.amtools.evaluation.EvaluateAMConll --corpus {system_output} -o {tmp}/ -et AMRFromNodeLabelsEvaluationToolset && python2 external_eval_tools//smatch/smatch.py -f {tmp}/parserOut.txt {gold_file} --pr --significant 4 > {tmp}/metrics.txt && cat {tmp}/metrics.txt', 'result_regexes': {'F': [2, 'F-score: (?P<value>.+)'], 'P': [0, 'Precision: (?P<value>.+)'], 'R': [1, 'Recall: (?P<value>.+)']}, 'type': 'bash_evaluation_command'} and extras set()
2022-06-21 13:31:13,478 - INFO - allennlp.common.params - test_evaluators.0.0.1.predictor.evaluation_command.type = bash_evaluation_command
2022-06-21 13:31:13,478 - INFO - allennlp.common.from_params - instantiating class <class 'graph_dependency_parser.components.evaluation.commands.BashEvaluationCommand'> from params {'command': 'java -cp am-tools.jar de.saar.coli.amtools.evaluation.EvaluateAMConll --corpus {system_output} -o {tmp}/ -et AMRFromNodeLabelsEvaluationToolset && python2 external_eval_tools//smatch/smatch.py -f {tmp}/parserOut.txt {gold_file} --pr --significant 4 > {tmp}/metrics.txt && cat {tmp}/metrics.txt', 'result_regexes': {'F': [2, 'F-score: (?P<value>.+)'], 'P': [0, 'Precision: (?P<value>.+)'], 'R': [1, 'Recall: (?P<value>.+)']}} and extras set()
2022-06-21 13:31:13,478 - INFO - allennlp.common.params - test_evaluators.0.0.1.predictor.evaluation_command.command = java -cp am-tools.jar de.saar.coli.amtools.evaluation.EvaluateAMConll --corpus {system_output} -o {tmp}/ -et AMRFromNodeLabelsEvaluationToolset && python2 external_eval_tools//smatch/smatch.py -f {tmp}/parserOut.txt {gold_file} --pr --significant 4 > {tmp}/metrics.txt && cat {tmp}/metrics.txt
2022-06-21 13:31:13,479 - INFO - allennlp.common.params - test_evaluators.0.0.1.predictor.evaluation_command.show_output = True
2022-06-21 13:31:13,479 - INFO - allennlp.common.params - test_evaluators.0.0.1.predictor.batch_size = 64
2022-06-21 13:31:13,479 - INFO - allennlp.common.params - test_evaluators.0.0.1.predictor.give_up_k_1 = None
2022-06-21 13:31:13,479 - INFO - allennlp.common.params - test_evaluators.0.0.1.use_from_epoch = 1
2022-06-21 13:31:13,479 - INFO - allennlp.common.params - validation_dataset_reader = None
2022-06-21 13:31:13,479 - INFO - allennlp.common.from_params - instantiating class <class 'allennlp.data.dataset_readers.dataset_reader.DatasetReader'> from params {'token_indexers': {'bert': {'pretrained_model': 'bert-large-uncased', 'type': 'bert-pretrained'}}, 'type': 'amconll_automata'} and extras set()
2022-06-21 13:31:13,479 - INFO - allennlp.common.params - dataset_reader.type = amconll_automata
2022-06-21 13:31:13,479 - INFO - allennlp.common.from_params - instantiating class <class 'graph_dependency_parser.components.dataset_readers.amconll_automata.AMConllAutomataDatasetReader'> from params {'token_indexers': {'bert': {'pretrained_model': 'bert-large-uncased', 'type': 'bert-pretrained'}}} and extras set()
2022-06-21 13:31:13,479 - INFO - allennlp.common.from_params - instantiating class <class 'allennlp.data.token_indexers.token_indexer.TokenIndexer'> from params {'pretrained_model': 'bert-large-uncased', 'type': 'bert-pretrained'} and extras set()
2022-06-21 13:31:13,479 - INFO - allennlp.common.params - dataset_reader.token_indexers.bert.type = bert-pretrained
2022-06-21 13:31:13,480 - INFO - allennlp.common.from_params - instantiating class <class 'allennlp.data.token_indexers.wordpiece_indexer.PretrainedBertIndexer'> from params {'pretrained_model': 'bert-large-uncased'} and extras set()
2022-06-21 13:31:13,480 - INFO - allennlp.common.params - dataset_reader.token_indexers.bert.pretrained_model = bert-large-uncased
2022-06-21 13:31:13,480 - INFO - allennlp.common.params - dataset_reader.token_indexers.bert.use_starting_offsets = False
2022-06-21 13:31:13,480 - INFO - allennlp.common.params - dataset_reader.token_indexers.bert.do_lowercase = True
2022-06-21 13:31:13,480 - INFO - allennlp.common.params - dataset_reader.token_indexers.bert.never_lowercase = None
2022-06-21 13:31:13,480 - INFO - allennlp.common.params - dataset_reader.token_indexers.bert.max_pieces = 512
2022-06-21 13:31:13,480 - INFO - allennlp.common.params - dataset_reader.token_indexers.bert.truncate_long_sequences = True
2022-06-21 13:31:13,988 - INFO - pytorch_pretrained_bert.tokenization - loading vocabulary file https://s3.amazonaws.com/models.huggingface.co/bert/bert-large-uncased-vocab.txt from cache at /home/tprakap/.pytorch_pretrained_bert/9b3c03a36e83b13d5ba95ac965c9f9074a99e14340c523ab405703179e79fc46.542ce4285a40d23a559526243235df47c5f75c197f04f37d1a0c124c32c9a084
2022-06-21 13:31:14,025 - INFO - allennlp.common.params - dataset_reader.lazy = False
2022-06-21 13:31:14,025 - INFO - allennlp.common.params - dataset_reader.fraction = 1.0
2022-06-21 13:31:14,025 - INFO - allennlp.common.params - dataset_reader.only_read_fraction_if_train_in_filename = False
2022-06-21 13:31:14,026 - INFO - allennlp.common.params - dataset_reader.allow_copy_despite_sense = False
2022-06-21 13:31:14,026 - INFO - allennlp.common.params - train_data_path = [['AMR-2017', '../non-graph-formalisms-parsing/amr_labels_full/train.zip']]
2022-06-21 13:31:14,026 - INFO - allennlp.training.util - Reading training data from [['AMR-2017', '../non-graph-formalisms-parsing/amr_labels_full/train.zip']]
2022-06-21 13:31:14,876 - INFO - graph_dependency_parser.components.dataset_readers.amconll_automata - Reading AM dependency trees from amconll dataset at: ../non-graph-formalisms-parsing/amr_labels_full/train.zip
